<?xml version="1.0" encoding="UTF-8"?>
<!-- Generated by org.testng.reporters.JUnitReportReporter -->
<testsuite hostname="GirishPC" failures="0" tests="1" name="com.api.tests.Delete" time="3.161" errors="0" timestamp="2023-09-06T19:33:12 EDT" skipped="0">
  <testcase classname="com.api.tests.Delete" name="deleteTest" time="3.161"/>
  <system-out/>
</testsuite> <!-- com.api.tests.Delete -->
