<?xml version="1.0" encoding="UTF-8"?>
<!-- Generated by org.testng.reporters.JUnitReportReporter -->
<testsuite hostname="GirishPC" failures="0" tests="1" name="com.api.tests.Post" time="3.104" errors="0" timestamp="2023-09-06T19:52:17 EDT" skipped="0">
  <testcase classname="com.api.tests.Post" name="postTest" time="3.104"/>
  <system-out/>
</testsuite> <!-- com.api.tests.Post -->
