<?xml version="1.0" encoding="UTF-8"?>
<!-- Generated by org.testng.reporters.JUnitReportReporter -->
<testsuite hostname="GirishPC" failures="0" tests="1" name="com.api.tests.Put" time="3.179" errors="0" timestamp="2023-09-06T19:52:54 EDT" skipped="0">
  <testcase classname="com.api.tests.Put" name="putTest" time="3.179"/>
  <system-out/>
</testsuite> <!-- com.api.tests.Put -->
